

Microchip MPLAB XC8 Assembler V2.46 build 20240104201356 
                                                                                               Wed Sep 25 11:19:32 2024

Microchip MPLAB XC8 C Compiler v2.46 (Free license) build 20240104201356 Og1 
     1                           	processor	16F628A
     2                           	pagewidth 120
     3                           	opt	flic
     4                           	psect	cinit,global,class=CODE,merge=1,delta=2
     5                           	psect	cstackCOMMON,global,class=COMMON,space=1,delta=1,noexec
     6                           	psect	maintext,global,class=CODE,split=1,delta=2
     7                           	psect	text1,local,class=CODE,merge=1,delta=2
     8                           	psect	config,global,abs,ovrld,class=CONFIG,space=4,delta=2,noexec
     9                           	dabs	1,0x7E,2
    10     0000                     
    11                           ; Generated 12/10/2023 GMT
    12                           ; 
    13                           ; Copyright © 2023, Microchip Technology Inc. and its subsidiaries ("Microchip")
    14                           ; All rights reserved.
    15                           ; 
    16                           ; This software is developed by Microchip Technology Inc. and its subsidiaries ("Microch
      +                          ip").
    17                           ; 
    18                           ; Redistribution and use in source and binary forms, with or without modification, are
    19                           ; permitted provided that the following conditions are met:
    20                           ; 
    21                           ;     1. Redistributions of source code must retain the above copyright notice, this lis
      +                          t of
    22                           ;        conditions and the following disclaimer.
    23                           ; 
    24                           ;     2. Redistributions in binary form must reproduce the above copyright notice, this 
      +                          list
    25                           ;        of conditions and the following disclaimer in the documentation and/or other
    26                           ;        materials provided with the distribution. Publication is not required when
    27                           ;        this file is used in an embedded application.
    28                           ; 
    29                           ;     3. Microchip's name may not be used to endorse or promote products derived from th
      +                          is
    30                           ;        software without specific prior written permission.
    31                           ; 
    32                           ; THIS SOFTWARE IS PROVIDED BY MICROCHIP "AS IS" AND ANY EXPRESS OR IMPLIED WARRANTIES,
    33                           ; INCLUDING, BUT NOT LIMITED TO, THE IMPLIED WARRANTIES OF MERCHANTABILITY AND FITNESS F
      +                          OR
    34                           ; PURPOSE ARE DISCLAIMED.  IN NO EVENT SHALL MICROCHIP BE LIABLE FOR ANY DIRECT, INDIREC
      +                          T,
    35                           ; INCIDENTAL, SPECIAL, EXEMPLARY, OR CONSEQUENTIAL DAMAGES (INCLUDING BUT NOT LIMITED TO
    36                           ; PROCUREMENT OF SUBSTITUTE GOODS OR SERVICES; LOSS OF USE, DATA OR PROFITS; OR BUSINESS
    37                           ; INTERRUPTION) HOWSOEVER CAUSED AND ON ANY THEORY OF LIABILITY, WHETHER IN CONTRACT, ST
      +                          RICT
    38                           ; LIABILITY, OR TORT (INCLUDING NEGLIGENCE OR OTHERWISE) ARISING IN ANY WAY OUT OF THE U
      +                          SE OF
    39                           ; THIS SOFTWARE, EVEN IF ADVISED OF THE POSSIBILITY OF SUCH DAMAGE.
    40                           ; 
    41                           ; 
    42                           ; Code-generator required, PIC16F628A Definitions
    43                           ; 
    44                           ; SFR Addresses
    45     0000                     	;# 
    46     0001                     	;# 
    47     0002                     	;# 
    48     0003                     	;# 
    49     0004                     	;# 
    50     0005                     	;# 
    51     0006                     	;# 
    52     000A                     	;# 
    53     000B                     	;# 
    54     000C                     	;# 
    55     000E                     	;# 
    56     000E                     	;# 
    57     000F                     	;# 
    58     0010                     	;# 
    59     0011                     	;# 
    60     0012                     	;# 
    61     0015                     	;# 
    62     0015                     	;# 
    63     0016                     	;# 
    64     0017                     	;# 
    65     0018                     	;# 
    66     0019                     	;# 
    67     001A                     	;# 
    68     001F                     	;# 
    69     0081                     	;# 
    70     0085                     	;# 
    71     0086                     	;# 
    72     008C                     	;# 
    73     008E                     	;# 
    74     0092                     	;# 
    75     0098                     	;# 
    76     0099                     	;# 
    77     009A                     	;# 
    78     009B                     	;# 
    79     009C                     	;# 
    80     009D                     	;# 
    81     009F                     	;# 
    82     0000                     	;# 
    83     0001                     	;# 
    84     0002                     	;# 
    85     0003                     	;# 
    86     0004                     	;# 
    87     0005                     	;# 
    88     0006                     	;# 
    89     000A                     	;# 
    90     000B                     	;# 
    91     000C                     	;# 
    92     000E                     	;# 
    93     000E                     	;# 
    94     000F                     	;# 
    95     0010                     	;# 
    96     0011                     	;# 
    97     0012                     	;# 
    98     0015                     	;# 
    99     0015                     	;# 
   100     0016                     	;# 
   101     0017                     	;# 
   102     0018                     	;# 
   103     0019                     	;# 
   104     001A                     	;# 
   105     001F                     	;# 
   106     0081                     	;# 
   107     0085                     	;# 
   108     0086                     	;# 
   109     008C                     	;# 
   110     008E                     	;# 
   111     0092                     	;# 
   112     0098                     	;# 
   113     0099                     	;# 
   114     009A                     	;# 
   115     009B                     	;# 
   116     009C                     	;# 
   117     009D                     	;# 
   118     009F                     	;# 
   119     0006                     _PORTBbits	set	6
   120     0430                     _TRISB0	set	1072
   121                           
   122                           	psect	cinit
   123     07FE                     start_initialization:	
   124                           ; #config settings
   125                           
   126     07FE                     __initialization:
   127     07FE                     end_of_initialization:	
   128                           ;End of C runtime variable initialization code
   129                           
   130     07FE                     __end_of__initialization:
   131     07FE  0183               	clrf	3
   132     07FF  2FDB               	ljmp	_main	;jump to C main() function
   133                           
   134                           	psect	cstackCOMMON
   135     0070                     __pcstackCOMMON:
   136     0070                     ?_configuracao:
   137     0070                     ??_configuracao:	
   138                           ; 1 bytes @ 0x0
   139                           
   140     0070                     ?_main:	
   141                           ; 1 bytes @ 0x0
   142                           
   143     0070                     ??_main:	
   144                           ; 1 bytes @ 0x0
   145                           
   146                           
   147                           ; 1 bytes @ 0x0
   148     0070                     	ds	3
   149                           
   150                           	psect	maintext
   151     07DB                     __pmaintext:	
   152 ;;
   153 ;;Main: autosize = 0, tempsize = 3, incstack = 0, save=0
   154 ;;
   155 ;; *************** function _main *****************
   156 ;; Defined at:
   157 ;;		line 9 in file "pisca.c"
   158 ;; Parameters:    Size  Location     Type
   159 ;;		None
   160 ;; Auto vars:     Size  Location     Type
   161 ;;		None
   162 ;; Return value:  Size  Location     Type
   163 ;;                  1    wreg      void 
   164 ;; Registers used:
   165 ;;		wreg, status,2, status,0, pclath, cstack
   166 ;; Tracked objects:
   167 ;;		On entry : B00/0
   168 ;;		On exit  : 0/0
   169 ;;		Unchanged: 0/0
   170 ;; Data sizes:     COMMON   BANK0   BANK1   BANK2
   171 ;;      Params:         0       0       0       0
   172 ;;      Locals:         0       0       0       0
   173 ;;      Temps:          3       0       0       0
   174 ;;      Totals:         3       0       0       0
   175 ;;Total ram usage:        3 bytes
   176 ;; Hardware stack levels required when called: 1
   177 ;; This function calls:
   178 ;;		_configuracao
   179 ;; This function is called by:
   180 ;;		Startup code after reset
   181 ;; This function uses a non-reentrant model
   182 ;;
   183                           
   184     07DB                     _main:	
   185                           ;psect for function _main
   186                           
   187     07DB                     l562:	
   188                           ;incstack = 0
   189                           ; Regs used in _main: [wreg+status,2+status,0+pclath+cstack]
   190                           
   191                           
   192                           ;pisca.c: 11:     configuracao();
   193     07DB  27D4               	fcall	_configuracao
   194     07DC                     l564:
   195                           
   196                           ;pisca.c: 14:     {;pisca.c: 15:         PORTBbits.RB0 = 1;
   197     07DC  1283               	bcf	3,5	;RP0=0, select bank0
   198     07DD  1303               	bcf	3,6	;RP1=0, select bank0
   199     07DE  1406               	bsf	6,0	;volatile
   200     07DF                     l566:
   201                           
   202                           ;pisca.c: 16:         _delay((unsigned long)((500)*(4000000/4000.0)));
   203     07DF  3003               	movlw	3
   204     07E0  00F2               	movwf	??_main+2
   205     07E1  308A               	movlw	138
   206     07E2  00F1               	movwf	??_main+1
   207     07E3  3055               	movlw	85
   208     07E4  00F0               	movwf	??_main
   209     07E5                     u17:
   210     07E5  0BF0               	decfsz	??_main,f
   211     07E6  2FE5               	goto	u17
   212     07E7  0BF1               	decfsz	??_main+1,f
   213     07E8  2FE5               	goto	u17
   214     07E9  0BF2               	decfsz	??_main+2,f
   215     07EA  2FE5               	goto	u17
   216     07EB  2FEC               	nop2
   217     07EC                     l568:
   218                           
   219                           ;pisca.c: 17:         PORTBbits.RB0 = 0;
   220     07EC  1283               	bcf	3,5	;RP0=0, select bank0
   221     07ED  1303               	bcf	3,6	;RP1=0, select bank0
   222     07EE  1006               	bcf	6,0	;volatile
   223     07EF                     l570:
   224                           
   225                           ;pisca.c: 18:         _delay((unsigned long)((500)*(4000000/4000.0)));
   226     07EF  3003               	movlw	3
   227     07F0  00F2               	movwf	??_main+2
   228     07F1  308A               	movlw	138
   229     07F2  00F1               	movwf	??_main+1
   230     07F3  3055               	movlw	85
   231     07F4  00F0               	movwf	??_main
   232     07F5                     u27:
   233     07F5  0BF0               	decfsz	??_main,f
   234     07F6  2FF5               	goto	u27
   235     07F7  0BF1               	decfsz	??_main+1,f
   236     07F8  2FF5               	goto	u27
   237     07F9  0BF2               	decfsz	??_main+2,f
   238     07FA  2FF5               	goto	u27
   239     07FB  2FFC               	nop2
   240                           
   241                           ;pisca.c: 19:     }
   242     07FC  2FDC               	goto	l564
   243     07FD  2800               	ljmp	start
   244     07FE                     __end_of_main:
   245                           
   246                           	psect	text1
   247     07D4                     __ptext1:	
   248 ;; *************** function _configuracao *****************
   249 ;; Defined at:
   250 ;;		line 3 in file "pisca.c"
   251 ;; Parameters:    Size  Location     Type
   252 ;;		None
   253 ;; Auto vars:     Size  Location     Type
   254 ;;		None
   255 ;; Return value:  Size  Location     Type
   256 ;;                  1    wreg      void 
   257 ;; Registers used:
   258 ;;		None
   259 ;; Tracked objects:
   260 ;;		On entry : 0/0
   261 ;;		On exit  : 0/0
   262 ;;		Unchanged: 0/0
   263 ;; Data sizes:     COMMON   BANK0   BANK1   BANK2
   264 ;;      Params:         0       0       0       0
   265 ;;      Locals:         0       0       0       0
   266 ;;      Temps:          0       0       0       0
   267 ;;      Totals:         0       0       0       0
   268 ;;Total ram usage:        0 bytes
   269 ;; Hardware stack levels used: 1
   270 ;; This function calls:
   271 ;;		Nothing
   272 ;; This function is called by:
   273 ;;		_main
   274 ;; This function uses a non-reentrant model
   275 ;;
   276                           
   277     07D4                     _configuracao:	
   278                           ;psect for function _configuracao
   279                           
   280     07D4                     l560:	
   281                           ;incstack = 0
   282                           ; Regs used in _configuracao: []
   283                           
   284                           
   285                           ;pisca.c: 5:     TRISB0 = 0;
   286     07D4  1683               	bsf	3,5	;RP0=1, select bank1
   287     07D5  1303               	bcf	3,6	;RP1=0, select bank1
   288     07D6  1006               	bcf	6,0	;volatile
   289                           
   290                           ;pisca.c: 6:     PORTBbits.RB0 = 0;
   291     07D7  1283               	bcf	3,5	;RP0=0, select bank0
   292     07D8  1303               	bcf	3,6	;RP1=0, select bank0
   293     07D9  1006               	bcf	6,0	;volatile
   294     07DA                     l9:
   295     07DA  0008               	return
   296     07DB                     __end_of_configuracao:
   297     007E                     btemp	set	126	;btemp
   298     007E                     wtemp0	set	126
   299                           
   300                           	psect	config
   301                           
   302                           ;Config register CONFIG @ 0x2007
   303                           ;	Oscillator Selection bits
   304                           ;	FOSC = HS, HS oscillator: High-speed crystal/resonator on RA6/OSC2/CLKOUT and RA7/OSC1
      +                          /CLKIN
   305                           ;	Watchdog Timer Enable bit
   306                           ;	WDTE = OFF, WDT disabled
   307                           ;	Power-up Timer Enable bit
   308                           ;	PWRTE = OFF, PWRT disabled
   309                           ;	RA5/MCLR/VPP Pin Function Select bit
   310                           ;	MCLRE = ON, RA5/MCLR/VPP pin function is MCLR
   311                           ;	Brown-out Detect Enable bit
   312                           ;	BOREN = ON, BOD enabled
   313                           ;	Low-Voltage Programming Enable bit
   314                           ;	LVP = OFF, RB4/PGM pin has digital I/O function, HV on MCLR must be used for programmi
      +                          ng
   315                           ;	Data EE Memory Code Protection bit
   316                           ;	CPD = OFF, Data memory code protection off
   317                           ;	Flash Program Memory Code Protection bit
   318                           ;	CP = OFF, Code protection off
   319     2007                     	org	8199
   320     2007  3F6A               	dw	16234

Data Sizes:
    Strings     0
    Constant    0
    Data        0
    BSS         0
    Persistent  0
    Stack       0

Auto Spaces:
    Space          Size  Autos    Used
    COMMON           14      3       3
    BANK0            80      0       0
    BANK1            80      0       0
    BANK2            48      0       0

Pointer List with Targets:

    None.

Critical Paths under _main in COMMON

    None.

Critical Paths under _main in BANK0

    None.

Critical Paths under _main in BANK1

    None.

Critical Paths under _main in BANK2

    None.

Call Graph Tables:

 ---------------------------------------------------------------------------------
 (Depth) Function   	        Calls       Base Space   Used Autos Params    Refs
 ---------------------------------------------------------------------------------
 (0) _main                                                 3     3      0       0
                                              0 COMMON     3     3      0
                       _configuracao
 ---------------------------------------------------------------------------------
 (1) _configuracao                                         0     0      0       0
 ---------------------------------------------------------------------------------
 Estimated maximum stack depth 1
 ---------------------------------------------------------------------------------

 Call Graph Graphs:

 _main (ROOT)
   _configuracao

 Address spaces:
Name               Size   Autos  Total    Cost      Usage
BITCOMMON            E      0       0       0        0.0%
EEDATA              80      0       0       0        0.0%
NULL                 0      0       0       0        0.0%
CODE                 0      0       0       0        0.0%
COMMON               E      3       3       1       21.4%
BITSFR0              0      0       0       1        0.0%
SFR0                 0      0       0       1        0.0%
BITSFR1              0      0       0       2        0.0%
SFR1                 0      0       0       2        0.0%
STACK                0      0       0       2        0.0%
BANK0               50      0       0       3        0.0%
BITSFR3              0      0       0       4        0.0%
SFR3                 0      0       0       4        0.0%
ABS                  0      0       0       4        0.0%
BITBANK0            50      0       0       5        0.0%
BITSFR2              0      0       0       5        0.0%
SFR2                 0      0       0       5        0.0%
BITBANK1            50      0       0       6        0.0%
BANK1               50      0       0       7        0.0%
BITBANK2            30      0       0       8        0.0%
BANK2               30      0       0       9        0.0%
DATA                 0      0       0      10        0.0%


Microchip Technology PIC Macro Assembler V2.46 build 20240104201356 
Symbol Table                                                                                   Wed Sep 25 11:19:32 2024

                      l9 07DA            ?_configuracao 0070                       u17 07E5  
                     u27 07F5                      l560 07D4                      l570 07EF  
                    l562 07DB                      l564 07DC                      l566 07DF  
                    l568 07EC                     _main 07DB                     btemp 007E  
                   start 0000           ??_configuracao 0070                    ?_main 0070  
                  status 0003                    wtemp0 007E          __initialization 07FE  
           __end_of_main 07FE                   ??_main 0070                   _TRISB0 0430  
   __end_of_configuracao 07DB  __end_of__initialization 07FE           __pcstackCOMMON 0070  
             __pmaintext 07DB                  __ptext1 07D4     end_of_initialization 07FE  
           _configuracao 07D4                _PORTBbits 0006      start_initialization 07FE  
              ___latbits 0000  
